<?xml version="1.0" encoding="UTF-8"?>
<testsuite xmlns:xsi="http://www.w3.org/2001/XMLSchema-instance" xsi:noNamespaceSchemaLocation="https://maven.apache.org/surefire/maven-surefire-plugin/xsd/surefire-test-report.xsd" name="org.bojja.mvnapp.AppTest" time="0.035" tests="1" errors="0" skipped="0" failures="1">
  <properties>
    <property name="sun.desktop" value="windows"/>
    <property name="awt.toolkit" value="sun.awt.windows.WToolkit"/>
    <property name="file.encoding.pkg" value="sun.io"/>
    <property name="java.specification.version" value="1.8"/>
    <property name="sun.cpu.isalist" value="amd64"/>
    <property name="sun.jnu.encoding" value="Cp1252"/>
    <property name="java.class.path" value="D:\projects\mvn\mymavenapp\target\test-classes;D:\projects\mvn\mymavenapp\target\classes;C:\Users\fp14311\.m2\repository\junit\junit\4.11\junit-4.11.jar;C:\Users\fp14311\.m2\repository\org\hamcrest\hamcrest-core\1.3\hamcrest-core-1.3.jar;"/>
    <property name="java.vm.vendor" value="Oracle Corporation"/>
    <property name="sun.arch.data.model" value="64"/>
    <property name="user.variant" value=""/>
    <property name="java.vendor.url" value="http://java.oracle.com/"/>
    <property name="user.timezone" value=""/>
    <property name="java.vm.specification.version" value="1.8"/>
    <property name="os.name" value="Windows 7"/>
    <property name="user.country" value="US"/>
    <property name="sun.java.launcher" value="SUN_STANDARD"/>
    <property name="sun.boot.library.path" value="C:\BUSTOOLS\Java\jdk1.8.0_66\jre\bin"/>
    <property name="sun.java.command" value="C:\Users\fp14311\AppData\Local\Temp\surefire1488206477371051976\surefirebooter8682907977131122187.jar C:\Users\fp14311\AppData\Local\Temp\surefire1488206477371051976 2018-09-09T13-33-29_685-jvmRun1 surefire4750145852253425931tmp surefire_06605425035956506986tmp"/>
    <property name="surefire.test.class.path" value="D:\projects\mvn\mymavenapp\target\test-classes;D:\projects\mvn\mymavenapp\target\classes;C:\Users\fp14311\.m2\repository\junit\junit\4.11\junit-4.11.jar;C:\Users\fp14311\.m2\repository\org\hamcrest\hamcrest-core\1.3\hamcrest-core-1.3.jar;"/>
    <property name="sun.cpu.endian" value="little"/>
    <property name="user.home" value="C:\Users\fp14311"/>
    <property name="user.language" value="en"/>
    <property name="java.specification.vendor" value="Oracle Corporation"/>
    <property name="java.home" value="C:\BUSTOOLS\Java\jdk1.8.0_66\jre"/>
    <property name="basedir" value="D:\projects\mvn\mymavenapp"/>
    <property name="file.separator" value="\"/>
    <property name="line.separator" value="&#10;"/>
    <property name="java.vm.specification.vendor" value="Oracle Corporation"/>
    <property name="java.specification.name" value="Java Platform API Specification"/>
    <property name="java.awt.graphicsenv" value="sun.awt.Win32GraphicsEnvironment"/>
    <property name="surefire.real.class.path" value="C:\Users\fp14311\AppData\Local\Temp\surefire1488206477371051976\surefirebooter8682907977131122187.jar"/>
    <property name="sun.boot.class.path" value="C:\BUSTOOLS\Java\jdk1.8.0_66\jre\lib\resources.jar;C:\BUSTOOLS\Java\jdk1.8.0_66\jre\lib\rt.jar;C:\BUSTOOLS\Java\jdk1.8.0_66\jre\lib\sunrsasign.jar;C:\BUSTOOLS\Java\jdk1.8.0_66\jre\lib\jsse.jar;C:\BUSTOOLS\Java\jdk1.8.0_66\jre\lib\jce.jar;C:\BUSTOOLS\Java\jdk1.8.0_66\jre\lib\charsets.jar;C:\BUSTOOLS\Java\jdk1.8.0_66\jre\lib\jfr.jar;C:\BUSTOOLS\Java\jdk1.8.0_66\jre\classes"/>
    <property name="user.script" value=""/>
    <property name="sun.management.compiler" value="HotSpot 64-Bit Tiered Compilers"/>
    <property name="java.runtime.version" value="1.8.0_66-b17"/>
    <property name="user.name" value="FP14311"/>
    <property name="path.separator" value=";"/>
    <property name="os.version" value="6.1"/>
    <property name="java.endorsed.dirs" value="C:\BUSTOOLS\Java\jdk1.8.0_66\jre\lib\endorsed"/>
    <property name="java.runtime.name" value="Java(TM) SE Runtime Environment"/>
    <property name="file.encoding" value="Cp1252"/>
    <property name="java.vm.name" value="Java HotSpot(TM) 64-Bit Server VM"/>
    <property name="localRepository" value="C:\Users\fp14311\.m2\repository"/>
    <property name="java.vendor.url.bug" value="http://bugreport.sun.com/bugreport/"/>
    <property name="java.io.tmpdir" value="C:\Users\fp14311\AppData\Local\Temp\"/>
    <property name="java.version" value="1.8.0_66"/>
    <property name="user.dir" value="D:\projects\mvn\mymavenapp"/>
    <property name="os.arch" value="amd64"/>
    <property name="java.vm.specification.name" value="Java Virtual Machine Specification"/>
    <property name="java.awt.printerjob" value="sun.awt.windows.WPrinterJob"/>
    <property name="sun.os.patch.level" value="Service Pack 1"/>
    <property name="java.library.path" value="C:\BUSTOOLS\Java\jdk1.8.0_66\jre\bin;C:\WINDOWS\Sun\Java\bin;C:\WINDOWS\system32;C:\WINDOWS;C:\Installations\cmder\bin;C:\Installations\cmder\vendor\conemu-maximus5\ConEmu\Scripts;C:\Installations\cmder\vendor\conemu-maximus5;C:\Installations\cmder\vendor\conemu-maximus5\ConEmu;C:\BUSTOOLS\Java\jdk1.8.0_66/bin;C:\ProgramData\Oracle\Java\javapath;C:\Program Files\Common Files\Microsoft Shared\Microsoft Online Services;C:\Program Files (x86)\Common Files\Microsoft Shared\Microsoft Online Services;C:\WINDOWS\system32;C:\WINDOWS;C:\WINDOWS\System32\Wbem;C:\WINDOWS\System32\WindowsPowerShell\v1.0\;C:\Program Files (x86)\Microsoft Application Virtualization Client;C:\Program Files\Gemalto\Access Client\v5\;C:\Program Files (x86)\Gemalto\Access Client\v5\;C:\Program Files (x86)\Gemalto\DotNet PKCS11\;C:\Program Files\TortoiseSVN\bin;C:\Installations\apache-ant-1.9.7\bin;C:\Program Files\Lenovo\Touch Fingerprint Software\;D:\Veronique_HDD\softwares\SuperPuTTY-1.4.0.8\;C:\Program Files\Git\cmd;C:\ProgramData\Oracle\Java\javapath;C:\Program Files\Common Files\Microsoft Shared\Microsoft Online Services;C:\Program Files (x86)\Common Files\Microsoft Shared\Microsoft Online Services;C:\WINDOWS\system32;C:\WINDOWS;C:\WINDOWS\System32\Wbem;C:\WINDOWS\System32\WindowsPowerShell\v1.0\;C:\Program Files (x86)\Microsoft Application Virtualization Client;C:\Program Files\Gemalto\Access Client\v5\;C:\Program Files (x86)\Gemalto\Access Client\v5\;C:\Program Files (x86)\Gemalto\DotNet PKCS11\;C:\Program Files\TortoiseSVN\bin;C:\Installations\apache-ant-1.9.7\bin;C:\Program Files\Lenovo\Touch Fingerprint Software\;D:\Veronique_HDD\softwares\SuperPuTTY-1.4.0.8\;C:\Program Files\Git\cmd;C:\Program Files\Oracle\VirtualBox\VBoxManage.exe;C:\Installations\cmder\Cmder.exe;C:\Program Files (x86)\PuTTY\putty.exe;C:\HashiCorp\Vagrant\bin;C:\Program Files\TortoiseGit\bin;C:\Installations\apache-maven-3.5.4\bin;C:\Program Files\Git\usr\bin;C:\Program Files\Git\usr\share\vim\vim74;C:\Installations\cmder\;."/>
    <property name="java.vm.info" value="mixed mode"/>
    <property name="java.vendor" value="Oracle Corporation"/>
    <property name="java.vm.version" value="25.66-b17"/>
    <property name="java.ext.dirs" value="C:\BUSTOOLS\Java\jdk1.8.0_66\jre\lib\ext;C:\WINDOWS\Sun\Java\lib\ext"/>
    <property name="sun.io.unicode.encoding" value="UnicodeLittle"/>
    <property name="java.class.version" value="52.0"/>
  </properties>
  <testcase name="shouldAnswerWithTrue" classname="org.bojja.mvnapp.AppTest" time="0.015">
    <failure message="expected:&lt;Test assert[]&gt; but was:&lt;Test assert[ fail]&gt;" type="org.junit.ComparisonFailure"><![CDATA[org.junit.ComparisonFailure: expected:<Test assert[]> but was:<Test assert[ fail]>
	at org.bojja.mvnapp.AppTest.shouldAnswerWithTrue(AppTest.java:21)
]]></failure>
    <system-out><![CDATA[shouldAnswerWithTrue:Test assert
printMessage:Test assert fail
]]></system-out>
  </testcase>
</testsuite>